   1              		.cpu cortex-m0plus
   2              		.fpu softvfp
   3              		.eabi_attribute 20, 1
   4              		.eabi_attribute 21, 1
   5              		.eabi_attribute 23, 3
   6              		.eabi_attribute 24, 1
   7              		.eabi_attribute 25, 1
   8              		.eabi_attribute 26, 1
   9              		.eabi_attribute 30, 4
  10              		.eabi_attribute 34, 0
  11              		.eabi_attribute 18, 4
  12              		.code	16
  13              		.file	"board_driver_led.c"
  14              		.section	.text.LED_pulse,"ax",%progbits
  15              		.align	1
  16              		.global	LED_pulse
  17              		.code	16
  18              		.thumb_func
  20              	LED_pulse:
  21 0000 154A     		ldr	r2, .L7
  22 0002 164B     		ldr	r3, .L7+4
  23 0004 1178     		ldrb	r1, [r2]
  24 0006 0029     		cmp	r1, #0
  25 0008 09D1     		bne	.L2
  26 000a 1549     		ldr	r1, .L7+8
  27 000c 1878     		ldrb	r0, [r3]
  28 000e 0978     		ldrb	r1, [r1]
  29 0010 4118     		add	r1, r0, r1
  30 0012 C9B2     		uxtb	r1, r1
  31 0014 1970     		strb	r1, [r3]
  32 0016 8020     		mov	r0, #128
  33 0018 1249     		ldr	r1, .L7+12
  34 001a 4003     		lsl	r0, r0, #13
  35 001c C861     		str	r0, [r1, #28]
  36              	.L2:
  37 001e 1178     		ldrb	r1, [r2]
  38 0020 0131     		add	r1, r1, #1
  39 0022 C9B2     		uxtb	r1, r1
  40 0024 1170     		strb	r1, [r2]
  41 0026 1978     		ldrb	r1, [r3]
  42 0028 F029     		cmp	r1, #240
  43 002a 02D8     		bhi	.L3
  44 002c 1978     		ldrb	r1, [r3]
  45 002e 0929     		cmp	r1, #9
  46 0030 09D8     		bhi	.L4
  47              	.L3:
  48 0032 0B49     		ldr	r1, .L7+8
  49 0034 0878     		ldrb	r0, [r1]
  50 0036 4042     		neg	r0, r0
  51 0038 C0B2     		uxtb	r0, r0
  52 003a 0870     		strb	r0, [r1]
  53 003c 1878     		ldrb	r0, [r3]
  54 003e 0978     		ldrb	r1, [r1]
  55 0040 4118     		add	r1, r0, r1
  56 0042 C9B2     		uxtb	r1, r1
  57 0044 1970     		strb	r1, [r3]
  58              	.L4:
  59 0046 1278     		ldrb	r2, [r2]
  60 0048 1B78     		ldrb	r3, [r3]
  61 004a 9A42     		cmp	r2, r3
  62 004c 03D1     		bne	.L1
  63 004e 8022     		mov	r2, #128
  64 0050 044B     		ldr	r3, .L7+12
  65 0052 5203     		lsl	r2, r2, #13
  66 0054 DA61     		str	r2, [r3, #28]
  67              	.L1:
  68              		@ sp needed
  69 0056 7047     		bx	lr
  70              	.L8:
  71              		.align	2
  72              	.L7:
  73 0058 00000000 		.word	.LANCHOR0
  74 005c 00000000 		.word	.LANCHOR1
  75 0060 00000000 		.word	.LANCHOR2
  76 0064 00440041 		.word	1090536448
  78              		.global	ledDirection
  79              		.global	ledTargetValue
  80              		.global	ledKeepValue
  81              		.section	.data.ledDirection,"aw",%progbits
  82              		.set	.LANCHOR2,. + 0
  85              	ledDirection:
  86 0000 01       		.byte	1
  87              		.section	.bss.ledKeepValue,"aw",%nobits
  88              		.set	.LANCHOR0,. + 0
  91              	ledKeepValue:
  92 0000 00       		.space	1
  93              		.section	.data.ledTargetValue,"aw",%progbits
  94              		.set	.LANCHOR1,. + 0
  97              	ledTargetValue:
  98 0000 14       		.byte	20
  99              		.ident	"GCC: (GNU Tools for ARM Embedded Processors) 4.8.3 20140228 (release) [ARM/embedded-4_8-br
DEFINED SYMBOLS
                            *ABS*:00000000 board_driver_led.c
C:\Users\pvalleau\AppData\Local\Temp\cc8kFKQi.s:15     .text.LED_pulse:00000000 $t
C:\Users\pvalleau\AppData\Local\Temp\cc8kFKQi.s:20     .text.LED_pulse:00000000 LED_pulse
C:\Users\pvalleau\AppData\Local\Temp\cc8kFKQi.s:73     .text.LED_pulse:00000058 $d
C:\Users\pvalleau\AppData\Local\Temp\cc8kFKQi.s:85     .data.ledDirection:00000000 ledDirection
C:\Users\pvalleau\AppData\Local\Temp\cc8kFKQi.s:97     .data.ledTargetValue:00000000 ledTargetValue
C:\Users\pvalleau\AppData\Local\Temp\cc8kFKQi.s:91     .bss.ledKeepValue:00000000 ledKeepValue
C:\Users\pvalleau\AppData\Local\Temp\cc8kFKQi.s:92     .bss.ledKeepValue:00000000 $d

NO UNDEFINED SYMBOLS
