   1              		.cpu cortex-m0plus
   2              		.fpu softvfp
   3              		.eabi_attribute 20, 1
   4              		.eabi_attribute 21, 1
   5              		.eabi_attribute 23, 3
   6              		.eabi_attribute 24, 1
   7              		.eabi_attribute 25, 1
   8              		.eabi_attribute 26, 1
   9              		.eabi_attribute 30, 4
  10              		.eabi_attribute 34, 0
  11              		.eabi_attribute 18, 4
  12              		.code	16
  13              		.file	"main.c"
  14              		.section	.text.startup.main,"ax",%progbits
  15              		.align	1
  16              		.global	main
  17              		.code	16
  18              		.thumb_func
  20              	main:
  21 0000 254A     		ldr	r2, .L18
  22 0002 38B5     		push	{r3, r4, r5, lr}
  23 0004 1368     		ldr	r3, [r2]
  24 0006 141C     		mov	r4, r2
  25 0008 0133     		add	r3, r3, #1
  26 000a 1ED0     		beq	.L2
  27 000c D1B2     		uxtb	r1, r2
  28 000e 0029     		cmp	r1, #0
  29 0010 1BD1     		bne	.L2
  30 0012 224B     		ldr	r3, .L18+4
  31 0014 1878     		ldrb	r0, [r3]
  32 0016 0123     		mov	r3, #1
  33 0018 1840     		and	r0, r3
  34 001a 214B     		ldr	r3, .L18+8
  35 001c 0AD1     		bne	.L16
  36 001e 1D68     		ldr	r5, [r3]
  37 0020 2049     		ldr	r1, .L18+12
  38 0022 8D42     		cmp	r5, r1
  39 0024 01D1     		bne	.L5
  40 0026 1860     		str	r0, [r3]
  41 0028 0FE0     		b	.L2
  42              	.L5:
  43 002a 1960     		str	r1, [r3]
  44 002c 1E49     		ldr	r1, .L18+16
  45              	.L7:
  46 002e 0139     		sub	r1, r1, #1
  47 0030 0029     		cmp	r1, #0
  48 0032 FCD1     		bne	.L7
  49              	.L16:
  50 0034 1960     		str	r1, [r3]
  51 0036 2368     		ldr	r3, [r4]
  52              	@ 190 "C:\Users\pvalleau\AppData\Local/Arduino15/packages/arduino/tools/CMSIS/4.5.0/CMSIS/Include/c
  53 0038 83F30888 		MSR msp, r3
  54              	
  55              	@ 0 "" 2
  56              		.code	16
  57 003c FF23     		mov	r3, #255
  58 003e 9A43     		bic	r2, r3
  59 0040 1A4B     		ldr	r3, .L18+20
  60 0042 9A60     		str	r2, [r3, #8]
  61 0044 144B     		ldr	r3, .L18
  62 0046 5B68     		ldr	r3, [r3, #4]
  63              	@ 144 "main.c" 1
  64 0048 1847     		bx r3
  65              	@ 0 "" 2
  66              		.code	16
  67              	.L2:
  68 004a FFF7FEFF 		bl	board_init
  69              	@ 60 "C:\Users\pvalleau\AppData\Local/Arduino15/packages/arduino/tools/CMSIS/4.5.0/CMSIS/Include/cm
  70 004e 62B6     		cpsie i
  71              	@ 0 "" 2
  72              		.code	16
  73 0050 FFF7FEFF 		bl	serial_open
  74 0054 8022     		mov	r2, #128
  75 0056 8223     		mov	r3, #130
  76 0058 9202     		lsl	r2, r2, #10
  77 005a DB05     		lsl	r3, r3, #23
  78 005c 9A60     		str	r2, [r3, #8]
  79 005e 144B     		ldr	r3, .L18+24
  80 0060 144A     		ldr	r2, .L18+28
  81 0062 C021     		mov	r1, #192
  82 0064 5A60     		str	r2, [r3, #4]
  83 0066 114A     		ldr	r2, .L18+20
  84 0068 0906     		lsl	r1, r1, #24
  85 006a 106A     		ldr	r0, [r2, #32]
  86 006c 0002     		lsl	r0, r0, #8
  87 006e 000A     		lsr	r0, r0, #8
  88 0070 0143     		orr	r1, r0
  89 0072 1162     		str	r1, [r2, #32]
  90 0074 0022     		mov	r2, #0
  91 0076 9A60     		str	r2, [r3, #8]
  92 0078 0722     		mov	r2, #7
  93 007a 1A60     		str	r2, [r3]
  94              	.L9:
  95 007c 0E4B     		ldr	r3, .L18+32
  96 007e 1B78     		ldrb	r3, [r3]
  97 0080 002B     		cmp	r3, #0
  98 0082 FBD1     		bne	.L9
  99 0084 FFF7FEFF 		bl	serial_sharp_received
 100 0088 0028     		cmp	r0, #0
 101 008a F7D0     		beq	.L9
 102 008c 0120     		mov	r0, #1
 103 008e FFF7FEFF 		bl	sam_ba_monitor_init
 104              	.L12:
 105 0092 FFF7FEFF 		bl	sam_ba_monitor_run
 106 0096 FCE7     		b	.L12
 107              	.L19:
 108              		.align	2
 109              	.L18:
 110 0098 00000000 		.word	__sketch_vectors_ptr
 111 009c 000C0040 		.word	1073744896
 112 00a0 FC7F0020 		.word	536903676
 113 00a4 35817307 		.word	125010229
 114 00a8 48E80100 		.word	125000
 115 00ac 00ED00E0 		.word	-536810240
 116 00b0 10E000E0 		.word	-536813552
 117 00b4 E7030000 		.word	999
 118 00b8 00000000 		.word	.LANCHOR0
 120              		.section	.text.SysTick_Handler,"ax",%progbits
 121              		.align	1
 122              		.global	SysTick_Handler
 123              		.code	16
 124              		.thumb_func
 126              	SysTick_Handler:
 127 0000 08B5     		push	{r3, lr}
 128 0002 FFF7FEFF 		bl	LED_pulse
 129              		@ sp needed
 130 0006 FFF7FEFF 		bl	sam_ba_monitor_sys_tick
 131 000a 08BD     		pop	{r3, pc}
 133              		.section	.bss.main_b_cdc_enable,"aw",%nobits
 134              		.set	.LANCHOR0,. + 0
 137              	main_b_cdc_enable:
 138 0000 00       		.space	1
 139              		.ident	"GCC: (GNU Tools for ARM Embedded Processors) 4.8.3 20140228 (release) [ARM/embedded-4_8-br
DEFINED SYMBOLS
                            *ABS*:00000000 main.c
C:\cygwin\tmp\ccsolpxp.s:15     .text.startup.main:00000000 $t
C:\cygwin\tmp\ccsolpxp.s:20     .text.startup.main:00000000 main
C:\cygwin\tmp\ccsolpxp.s:110    .text.startup.main:00000098 $d
C:\cygwin\tmp\ccsolpxp.s:121    .text.SysTick_Handler:00000000 $t
C:\cygwin\tmp\ccsolpxp.s:126    .text.SysTick_Handler:00000000 SysTick_Handler
C:\cygwin\tmp\ccsolpxp.s:137    .bss.main_b_cdc_enable:00000000 main_b_cdc_enable
C:\cygwin\tmp\ccsolpxp.s:138    .bss.main_b_cdc_enable:00000000 $d

UNDEFINED SYMBOLS
board_init
serial_open
serial_sharp_received
sam_ba_monitor_init
sam_ba_monitor_run
__sketch_vectors_ptr
LED_pulse
sam_ba_monitor_sys_tick
